c:\users\jerog\source\repos\juego_rombo\juego_rombo_v2\juego_rombo_v2\x64\debug\vc143.pdb
c:\users\jerog\source\repos\juego_rombo\juego_rombo_v2\juego_rombo_v2\x64\debug\vc143.idb
c:\users\jerog\source\repos\juego_rombo\juego_rombo_v2\juego_rombo_v2\x64\debug\dados.nativecodeanalysis.sarif
c:\users\jerog\source\repos\juego_rombo\juego_rombo_v2\juego_rombo_v2\x64\debug\dados.nativecodeanalysis.xml
c:\users\jerog\source\repos\juego_rombo\juego_rombo_v2\juego_rombo_v2\x64\debug\graficador.nativecodeanalysis.sarif
c:\users\jerog\source\repos\juego_rombo\juego_rombo_v2\juego_rombo_v2\x64\debug\graficador.nativecodeanalysis.xml
c:\users\jerog\source\repos\juego_rombo\juego_rombo_v2\juego_rombo_v2\x64\debug\main.nativecodeanalysis.sarif
c:\users\jerog\source\repos\juego_rombo\juego_rombo_v2\juego_rombo_v2\x64\debug\main.nativecodeanalysis.xml
c:\users\jerog\source\repos\juego_rombo\juego_rombo_v2\juego_rombo_v2\x64\debug\tablero.nativecodeanalysis.sarif
c:\users\jerog\source\repos\juego_rombo\juego_rombo_v2\juego_rombo_v2\x64\debug\tablero.nativecodeanalysis.xml
c:\users\jerog\source\repos\juego_rombo\juego_rombo_v2\juego_rombo_v2\x64\debug\tablero.obj
c:\users\jerog\source\repos\juego_rombo\juego_rombo_v2\juego_rombo_v2\x64\debug\main.obj
c:\users\jerog\source\repos\juego_rombo\juego_rombo_v2\juego_rombo_v2\x64\debug\graficador.obj
c:\users\jerog\source\repos\juego_rombo\juego_rombo_v2\juego_rombo_v2\x64\debug\dados.obj
c:\users\jerog\source\repos\juego_rombo\juego_rombo_v2\x64\debug\juego_rombo_v2.exe
c:\users\jerog\source\repos\juego_rombo\juego_rombo_v2\x64\debug\juego_rombo_v2.pdb
c:\users\jerog\source\repos\juego_rombo\juego_rombo_v2\juego_rombo_v2\x64\debug\juego_rombo_v2.ilk
c:\users\jerog\source\repos\juego_rombo\juego_rombo_v2\juego_rombo_v2\x64\debug\vc.nativecodeanalysis.all.xml
c:\users\jerog\source\repos\juego_rombo\juego_rombo_v2\juego_rombo_v2\x64\debug\juego_rombo_v2.tlog\cl.command.1.tlog
c:\users\jerog\source\repos\juego_rombo\juego_rombo_v2\juego_rombo_v2\x64\debug\juego_rombo_v2.tlog\cl.items.tlog
c:\users\jerog\source\repos\juego_rombo\juego_rombo_v2\juego_rombo_v2\x64\debug\juego_rombo_v2.tlog\cl.read.1.tlog
c:\users\jerog\source\repos\juego_rombo\juego_rombo_v2\juego_rombo_v2\x64\debug\juego_rombo_v2.tlog\cl.write.1.tlog
c:\users\jerog\source\repos\juego_rombo\juego_rombo_v2\juego_rombo_v2\x64\debug\juego_rombo_v2.tlog\link.command.1.tlog
c:\users\jerog\source\repos\juego_rombo\juego_rombo_v2\juego_rombo_v2\x64\debug\juego_rombo_v2.tlog\link.read.1.tlog
c:\users\jerog\source\repos\juego_rombo\juego_rombo_v2\juego_rombo_v2\x64\debug\juego_rombo_v2.tlog\link.secondary.1.tlog
c:\users\jerog\source\repos\juego_rombo\juego_rombo_v2\juego_rombo_v2\x64\debug\juego_rombo_v2.tlog\link.write.1.tlog
